<?xml version="1.0" encoding="UTF-8"?>
<!-- Generated by org.testng.reporters.JUnitReportReporter -->
<testsuite hostname="admin-PC" name="com.qa.crm.test.homepagetest" tests="5" failures="0" timestamp="5 Nov 2020 13:50:41 GMT" time="84.164" errors="0">
  <testcase name="verifydealspagetest" time="13.227" classname="com.qa.crm.test.homepagetest"/>
  <testcase name="verifyhomepagetitletest" time="14.565" classname="com.qa.crm.test.homepagetest"/>
  <testcase name="verifycontacttest" time="18.304" classname="com.qa.crm.test.homepagetest"/>
  <testcase name="verifyusernametest" time="19.614" classname="com.qa.crm.test.homepagetest"/>
  <testcase name="verifytaskpagetest" time="18.454" classname="com.qa.crm.test.homepagetest"/>
</testsuite> <!-- com.qa.crm.test.homepagetest -->
