<?xml version="1.0" encoding="UTF-8"?>
<!-- Generated by org.testng.reporters.JUnitReportReporter -->
<testsuite hostname="admin-PC" name="com.qa.crm.test.Loginpagetest" tests="3" failures="0" timestamp="4 Nov 2020 17:28:37 GMT" time="34.888" errors="0">
  <testcase name="Loginpagetitletest" time="9.471" classname="com.qa.crm.test.Loginpagetest"/>
  <testcase name="crmlogoimagetest" time="7.706" classname="com.qa.crm.test.Loginpagetest"/>
  <testcase name="logingtest" time="17.711" classname="com.qa.crm.test.Loginpagetest"/>
</testsuite> <!-- com.qa.crm.test.Loginpagetest -->
